[2019-11-13 17:34:08,454][INFO ][sid= | uid=][][main | hr.combis.Application] :: Starting Application on DESKTOP-OI40UNV with PID 4800 (C:\Users\helena\combis\backend\zadatakCombis\target\classes started by helena in C:\Users\helena\combis\backend\zadatakCombis)
[2019-11-13 17:34:08,454][INFO ][sid= | uid=][][main | hr.combis.Application] :: Starting Application on DESKTOP-OI40UNV with PID 4800 (C:\Users\helena\combis\backend\zadatakCombis\target\classes started by helena in C:\Users\helena\combis\backend\zadatakCombis)
[2019-11-13 17:34:08,454][DEBUG][sid= | uid=][][main | hr.combis.Application] :: Running with Spring Boot v2.2.1.RELEASE, Spring v5.2.1.RELEASE
[2019-11-13 17:34:08,454][DEBUG][sid= | uid=][][main | hr.combis.Application] :: Running with Spring Boot v2.2.1.RELEASE, Spring v5.2.1.RELEASE
[2019-11-13 17:34:08,471][INFO ][sid= | uid=][][main | hr.combis.Application] :: No active profile set, falling back to default profiles: default
[2019-11-13 17:34:08,471][INFO ][sid= | uid=][][main | hr.combis.Application] :: No active profile set, falling back to default profiles: default
[2019-11-13 17:34:13,397][INFO ][sid= | uid=][][main | hr.combis.Application] :: Started Application in 5.229 seconds (JVM running for 8.332)
[2019-11-13 17:34:13,397][INFO ][sid= | uid=][][main | hr.combis.Application] :: Started Application in 5.229 seconds (JVM running for 8.332)
[2019-11-13 17:40:40,399][INFO ][sid= | uid=][][main | hr.combis.Application] :: Starting Application on DESKTOP-OI40UNV with PID 10752 (C:\Users\helena\combis\backend\zadatakCombis\target\classes started by helena in C:\Users\helena\combis\backend\zadatakCombis)
[2019-11-13 17:40:40,399][INFO ][sid= | uid=][][main | hr.combis.Application] :: Starting Application on DESKTOP-OI40UNV with PID 10752 (C:\Users\helena\combis\backend\zadatakCombis\target\classes started by helena in C:\Users\helena\combis\backend\zadatakCombis)
[2019-11-13 17:40:40,401][DEBUG][sid= | uid=][][main | hr.combis.Application] :: Running with Spring Boot v2.2.1.RELEASE, Spring v5.2.1.RELEASE
[2019-11-13 17:40:40,401][DEBUG][sid= | uid=][][main | hr.combis.Application] :: Running with Spring Boot v2.2.1.RELEASE, Spring v5.2.1.RELEASE
[2019-11-13 17:40:40,401][INFO ][sid= | uid=][][main | hr.combis.Application] :: No active profile set, falling back to default profiles: default
[2019-11-13 17:40:40,401][INFO ][sid= | uid=][][main | hr.combis.Application] :: No active profile set, falling back to default profiles: default
[2019-11-13 17:40:43,219][INFO ][sid= | uid=][][main | hr.combis.Application] :: Started Application in 3.064 seconds (JVM running for 3.728)
[2019-11-13 17:40:43,219][INFO ][sid= | uid=][][main | hr.combis.Application] :: Started Application in 3.064 seconds (JVM running for 3.728)
[2019-11-13 17:41:15,708][INFO ][sid= | uid=][][main | hr.combis.Application] :: Starting Application on DESKTOP-OI40UNV with PID 8728 (C:\Users\helena\combis\backend\zadatakCombis\target\classes started by helena in C:\Users\helena\combis\backend\zadatakCombis)
[2019-11-13 17:41:15,708][INFO ][sid= | uid=][][main | hr.combis.Application] :: Starting Application on DESKTOP-OI40UNV with PID 8728 (C:\Users\helena\combis\backend\zadatakCombis\target\classes started by helena in C:\Users\helena\combis\backend\zadatakCombis)
[2019-11-13 17:41:15,710][DEBUG][sid= | uid=][][main | hr.combis.Application] :: Running with Spring Boot v2.2.1.RELEASE, Spring v5.2.1.RELEASE
[2019-11-13 17:41:15,710][DEBUG][sid= | uid=][][main | hr.combis.Application] :: Running with Spring Boot v2.2.1.RELEASE, Spring v5.2.1.RELEASE
[2019-11-13 17:41:15,711][INFO ][sid= | uid=][][main | hr.combis.Application] :: No active profile set, falling back to default profiles: default
[2019-11-13 17:41:15,711][INFO ][sid= | uid=][][main | hr.combis.Application] :: No active profile set, falling back to default profiles: default
[2019-11-13 17:41:18,513][INFO ][sid= | uid=][][main | hr.combis.Application] :: Started Application in 3.065 seconds (JVM running for 3.782)
[2019-11-13 17:41:18,513][INFO ][sid= | uid=][][main | hr.combis.Application] :: Started Application in 3.065 seconds (JVM running for 3.782)
[2019-11-13 18:13:06,470][INFO ][sid= | uid=][][main | hr.combis.Application] :: Starting Application on DESKTOP-OI40UNV with PID 6268 (C:\Users\helena\combis\backend\zadatakCombis\target\classes started by helena in C:\Users\helena\combis\backend\zadatakCombis)
[2019-11-13 18:13:06,470][INFO ][sid= | uid=][][main | hr.combis.Application] :: Starting Application on DESKTOP-OI40UNV with PID 6268 (C:\Users\helena\combis\backend\zadatakCombis\target\classes started by helena in C:\Users\helena\combis\backend\zadatakCombis)
[2019-11-13 18:13:06,470][DEBUG][sid= | uid=][][main | hr.combis.Application] :: Running with Spring Boot v2.2.1.RELEASE, Spring v5.2.1.RELEASE
[2019-11-13 18:13:06,470][DEBUG][sid= | uid=][][main | hr.combis.Application] :: Running with Spring Boot v2.2.1.RELEASE, Spring v5.2.1.RELEASE
[2019-11-13 18:13:06,470][INFO ][sid= | uid=][][main | hr.combis.Application] :: No active profile set, falling back to default profiles: default
[2019-11-13 18:13:06,470][INFO ][sid= | uid=][][main | hr.combis.Application] :: No active profile set, falling back to default profiles: default
[2019-11-13 18:13:09,474][INFO ][sid= | uid=][][main | hr.combis.Application] :: Started Application in 3.248 seconds (JVM running for 3.963)
[2019-11-13 18:13:09,474][INFO ][sid= | uid=][][main | hr.combis.Application] :: Started Application in 3.248 seconds (JVM running for 3.963)
[2019-11-13 18:21:07,405][ERROR][sid= | uid=][][http-nio-8080-exec-10 | o.h.e.jdbc.spi.SqlExceptionHelper] :: Data truncation: Data too long for column 'FIRST_NAME' at row 1
[2019-11-13 18:21:07,421][ERROR][sid= | uid=][][http-nio-8080-exec-10 | o.a.c.c.C.[.[.[.[dispatcherServlet]] :: Servlet.service() for servlet [dispatcherServlet] in context with path [] threw exception [Request processing failed; nested exception is org.springframework.dao.DataIntegrityViolationException: could not execute statement; SQL [n/a]; nested exception is org.hibernate.exception.DataException: could not execute statement] with root cause
com.mysql.cj.jdbc.exceptions.MysqlDataTruncation: Data truncation: Data too long for column 'FIRST_NAME' at row 1
	at com.mysql.cj.jdbc.exceptions.SQLExceptionsMapping.translateException(SQLExceptionsMapping.java:104)
	at com.mysql.cj.jdbc.ClientPreparedStatement.executeInternal(ClientPreparedStatement.java:974)
	at com.mysql.cj.jdbc.ClientPreparedStatement.executeUpdateInternal(ClientPreparedStatement.java:1113)
	at com.mysql.cj.jdbc.ClientPreparedStatement.executeUpdateInternal(ClientPreparedStatement.java:1061)
	at com.mysql.cj.jdbc.ClientPreparedStatement.executeLargeUpdate(ClientPreparedStatement.java:1381)
	at com.mysql.cj.jdbc.ClientPreparedStatement.executeUpdate(ClientPreparedStatement.java:1046)
	at com.zaxxer.hikari.pool.ProxyPreparedStatement.executeUpdate(ProxyPreparedStatement.java:61)
	at com.zaxxer.hikari.pool.HikariProxyPreparedStatement.executeUpdate(HikariProxyPreparedStatement.java)
	at org.hibernate.engine.jdbc.internal.ResultSetReturnImpl.executeUpdate(ResultSetReturnImpl.java:197)
	at org.hibernate.dialect.identity.GetGeneratedKeysDelegate.executeAndExtract(GetGeneratedKeysDelegate.java:57)
	at org.hibernate.id.insert.AbstractReturningDelegate.performInsert(AbstractReturningDelegate.java:43)
	at org.hibernate.persister.entity.AbstractEntityPersister.insert(AbstractEntityPersister.java:3106)
	at org.hibernate.persister.entity.AbstractEntityPersister.insert(AbstractEntityPersister.java:3699)
	at org.hibernate.action.internal.EntityIdentityInsertAction.execute(EntityIdentityInsertAction.java:84)
	at org.hibernate.engine.spi.ActionQueue.execute(ActionQueue.java:645)
	at org.hibernate.engine.spi.ActionQueue.addResolvedEntityInsertAction(ActionQueue.java:282)
	at org.hibernate.engine.spi.ActionQueue.addInsertAction(ActionQueue.java:263)
	at org.hibernate.engine.spi.ActionQueue.addAction(ActionQueue.java:317)
	at org.hibernate.event.internal.AbstractSaveEventListener.addInsertAction(AbstractSaveEventListener.java:335)
	at org.hibernate.event.internal.AbstractSaveEventListener.performSaveOrReplicate(AbstractSaveEventListener.java:292)
	at org.hibernate.event.internal.AbstractSaveEventListener.performSave(AbstractSaveEventListener.java:198)
	at org.hibernate.event.internal.AbstractSaveEventListener.saveWithGeneratedId(AbstractSaveEventListener.java:128)
	at org.hibernate.event.internal.DefaultPersistEventListener.entityIsTransient(DefaultPersistEventListener.java:192)
	at org.hibernate.event.internal.DefaultPersistEventListener.onPersist(DefaultPersistEventListener.java:135)
	at org.hibernate.event.internal.DefaultPersistEventListener.onPersist(DefaultPersistEventListener.java:62)
	at org.hibernate.event.service.internal.EventListenerGroupImpl.fireEventOnEachListener(EventListenerGroupImpl.java:108)
	at org.hibernate.internal.SessionImpl.firePersist(SessionImpl.java:702)
	at org.hibernate.internal.SessionImpl.persist(SessionImpl.java:688)
	at sun.reflect.NativeMethodAccessorImpl.invoke0(Native Method)
	at sun.reflect.NativeMethodAccessorImpl.invoke(Unknown Source)
	at sun.reflect.DelegatingMethodAccessorImpl.invoke(Unknown Source)
	at java.lang.reflect.Method.invoke(Unknown Source)
	at org.springframework.orm.jpa.ExtendedEntityManagerCreator$ExtendedEntityManagerInvocationHandler.invoke(ExtendedEntityManagerCreator.java:368)
	at com.sun.proxy.$Proxy90.persist(Unknown Source)
	at sun.reflect.NativeMethodAccessorImpl.invoke0(Native Method)
	at sun.reflect.NativeMethodAccessorImpl.invoke(Unknown Source)
	at sun.reflect.DelegatingMethodAccessorImpl.invoke(Unknown Source)
	at java.lang.reflect.Method.invoke(Unknown Source)
	at org.springframework.orm.jpa.SharedEntityManagerCreator$SharedEntityManagerInvocationHandler.invoke(SharedEntityManagerCreator.java:314)
	at com.sun.proxy.$Proxy90.persist(Unknown Source)
	at org.springframework.data.jpa.repository.support.SimpleJpaRepository.save(SimpleJpaRepository.java:554)
	at sun.reflect.NativeMethodAccessorImpl.invoke0(Native Method)
	at sun.reflect.NativeMethodAccessorImpl.invoke(Unknown Source)
	at sun.reflect.DelegatingMethodAccessorImpl.invoke(Unknown Source)
	at java.lang.reflect.Method.invoke(Unknown Source)
	at org.springframework.data.repository.core.support.RepositoryComposition$RepositoryFragments.invoke(RepositoryComposition.java:371)
	at org.springframework.data.repository.core.support.RepositoryComposition.invoke(RepositoryComposition.java:204)
	at org.springframework.data.repository.core.support.RepositoryFactorySupport$ImplementationMethodExecutionInterceptor.invoke(RepositoryFactorySupport.java:657)
	at org.springframework.aop.framework.ReflectiveMethodInvocation.proceed(ReflectiveMethodInvocation.java:186)
	at org.springframework.data.repository.core.support.RepositoryFactorySupport$QueryExecutorMethodInterceptor.doInvoke(RepositoryFactorySupport.java:621)
	at org.springframework.data.repository.core.support.RepositoryFactorySupport$QueryExecutorMethodInterceptor.invoke(RepositoryFactorySupport.java:605)
	at org.springframework.aop.framework.ReflectiveMethodInvocation.proceed(ReflectiveMethodInvocation.java:186)
	at org.springframework.data.projection.DefaultMethodInvokingMethodInterceptor.invoke(DefaultMethodInvokingMethodInterceptor.java:80)
	at org.springframework.aop.framework.ReflectiveMethodInvocation.proceed(ReflectiveMethodInvocation.java:186)
	at org.springframework.transaction.interceptor.TransactionAspectSupport.invokeWithinTransaction(TransactionAspectSupport.java:366)
	at org.springframework.transaction.interceptor.TransactionInterceptor.invoke(TransactionInterceptor.java:99)
	at org.springframework.aop.framework.ReflectiveMethodInvocation.proceed(ReflectiveMethodInvocation.java:186)
	at org.springframework.dao.support.PersistenceExceptionTranslationInterceptor.invoke(PersistenceExceptionTranslationInterceptor.java:139)
	at org.springframework.aop.framework.ReflectiveMethodInvocation.proceed(ReflectiveMethodInvocation.java:186)
	at org.springframework.data.jpa.repository.support.CrudMethodMetadataPostProcessor$CrudMethodMetadataPopulatingMethodInterceptor.invoke(CrudMethodMetadataPostProcessor.java:178)
	at org.springframework.aop.framework.ReflectiveMethodInvocation.proceed(ReflectiveMethodInvocation.java:186)
	at org.springframework.aop.interceptor.ExposeInvocationInterceptor.invoke(ExposeInvocationInterceptor.java:93)
	at org.springframework.aop.framework.ReflectiveMethodInvocation.proceed(ReflectiveMethodInvocation.java:186)
	at org.springframework.aop.framework.JdkDynamicAopProxy.invoke(JdkDynamicAopProxy.java:212)
	at com.sun.proxy.$Proxy99.save(Unknown Source)
	at hr.combis.service.PersonServiceImpl.loadPersonDataFile(PersonServiceImpl.java:106)
	at hr.combis.controllers.PersonDataController.saveData(PersonDataController.java:35)
	at sun.reflect.NativeMethodAccessorImpl.invoke0(Native Method)
	at sun.reflect.NativeMethodAccessorImpl.invoke(Unknown Source)
	at sun.reflect.DelegatingMethodAccessorImpl.invoke(Unknown Source)
	at java.lang.reflect.Method.invoke(Unknown Source)
	at org.springframework.web.method.support.InvocableHandlerMethod.doInvoke(InvocableHandlerMethod.java:190)
	at org.springframework.web.method.support.InvocableHandlerMethod.invokeForRequest(InvocableHandlerMethod.java:138)
	at org.springframework.web.servlet.mvc.method.annotation.ServletInvocableHandlerMethod.invokeAndHandle(ServletInvocableHandlerMethod.java:106)
	at org.springframework.web.servlet.mvc.method.annotation.RequestMappingHandlerAdapter.invokeHandlerMethod(RequestMappingHandlerAdapter.java:888)
	at org.springframework.web.servlet.mvc.method.annotation.RequestMappingHandlerAdapter.handleInternal(RequestMappingHandlerAdapter.java:793)
	at org.springframework.web.servlet.mvc.method.AbstractHandlerMethodAdapter.handle(AbstractHandlerMethodAdapter.java:87)
	at org.springframework.web.servlet.DispatcherServlet.doDispatch(DispatcherServlet.java:1040)
	at org.springframework.web.servlet.DispatcherServlet.doService(DispatcherServlet.java:943)
	at org.springframework.web.servlet.FrameworkServlet.processRequest(FrameworkServlet.java:1006)
	at org.springframework.web.servlet.FrameworkServlet.doPost(FrameworkServlet.java:909)
	at javax.servlet.http.HttpServlet.service(HttpServlet.java:660)
	at org.springframework.web.servlet.FrameworkServlet.service(FrameworkServlet.java:883)
	at javax.servlet.http.HttpServlet.service(HttpServlet.java:741)
	at org.apache.catalina.core.ApplicationFilterChain.internalDoFilter(ApplicationFilterChain.java:231)
	at org.apache.catalina.core.ApplicationFilterChain.doFilter(ApplicationFilterChain.java:166)
	at org.apache.tomcat.websocket.server.WsFilter.doFilter(WsFilter.java:53)
	at org.apache.catalina.core.ApplicationFilterChain.internalDoFilter(ApplicationFilterChain.java:193)
	at org.apache.catalina.core.ApplicationFilterChain.doFilter(ApplicationFilterChain.java:166)
	at org.springframework.web.filter.RequestContextFilter.doFilterInternal(RequestContextFilter.java:100)
	at org.springframework.web.filter.OncePerRequestFilter.doFilter(OncePerRequestFilter.java:119)
	at org.apache.catalina.core.ApplicationFilterChain.internalDoFilter(ApplicationFilterChain.java:193)
	at org.apache.catalina.core.ApplicationFilterChain.doFilter(ApplicationFilterChain.java:166)
	at org.springframework.web.filter.FormContentFilter.doFilterInternal(FormContentFilter.java:93)
	at org.springframework.web.filter.OncePerRequestFilter.doFilter(OncePerRequestFilter.java:119)
	at org.apache.catalina.core.ApplicationFilterChain.internalDoFilter(ApplicationFilterChain.java:193)
	at org.apache.catalina.core.ApplicationFilterChain.doFilter(ApplicationFilterChain.java:166)
	at org.springframework.web.filter.CharacterEncodingFilter.doFilterInternal(CharacterEncodingFilter.java:201)
	at org.springframework.web.filter.OncePerRequestFilter.doFilter(OncePerRequestFilter.java:119)
	at org.apache.catalina.core.ApplicationFilterChain.internalDoFilter(ApplicationFilterChain.java:193)
	at org.apache.catalina.core.ApplicationFilterChain.doFilter(ApplicationFilterChain.java:166)
	at org.apache.catalina.core.StandardWrapperValve.invoke(StandardWrapperValve.java:202)
	at org.apache.catalina.core.StandardContextValve.invoke(StandardContextValve.java:96)
	at org.apache.catalina.authenticator.AuthenticatorBase.invoke(AuthenticatorBase.java:526)
	at org.apache.catalina.core.StandardHostValve.invoke(StandardHostValve.java:139)
	at org.apache.catalina.valves.ErrorReportValve.invoke(ErrorReportValve.java:92)
	at org.apache.catalina.core.StandardEngineValve.invoke(StandardEngineValve.java:74)
	at org.apache.catalina.connector.CoyoteAdapter.service(CoyoteAdapter.java:343)
	at org.apache.coyote.http11.Http11Processor.service(Http11Processor.java:408)
	at org.apache.coyote.AbstractProcessorLight.process(AbstractProcessorLight.java:66)
	at org.apache.coyote.AbstractProtocol$ConnectionHandler.process(AbstractProtocol.java:861)
	at org.apache.tomcat.util.net.NioEndpoint$SocketProcessor.doRun(NioEndpoint.java:1579)
	at org.apache.tomcat.util.net.SocketProcessorBase.run(SocketProcessorBase.java:49)
	at java.util.concurrent.ThreadPoolExecutor.runWorker(Unknown Source)
	at java.util.concurrent.ThreadPoolExecutor$Worker.run(Unknown Source)
	at org.apache.tomcat.util.threads.TaskThread$WrappingRunnable.run(TaskThread.java:61)
	at java.lang.Thread.run(Unknown Source)
[2019-11-13 18:40:22,386][INFO ][sid= | uid=][][main | hr.combis.Application] :: Starting Application on DESKTOP-OI40UNV with PID 504 (C:\Users\helena\combis\backend\zadatakCombis\target\classes started by helena in C:\Users\helena\combis\backend\zadatakCombis)
[2019-11-13 18:40:22,386][INFO ][sid= | uid=][][main | hr.combis.Application] :: Starting Application on DESKTOP-OI40UNV with PID 504 (C:\Users\helena\combis\backend\zadatakCombis\target\classes started by helena in C:\Users\helena\combis\backend\zadatakCombis)
[2019-11-13 18:40:22,388][DEBUG][sid= | uid=][][main | hr.combis.Application] :: Running with Spring Boot v2.2.1.RELEASE, Spring v5.2.1.RELEASE
[2019-11-13 18:40:22,388][DEBUG][sid= | uid=][][main | hr.combis.Application] :: Running with Spring Boot v2.2.1.RELEASE, Spring v5.2.1.RELEASE
[2019-11-13 18:40:22,389][INFO ][sid= | uid=][][main | hr.combis.Application] :: No active profile set, falling back to default profiles: default
[2019-11-13 18:40:22,389][INFO ][sid= | uid=][][main | hr.combis.Application] :: No active profile set, falling back to default profiles: default
[2019-11-13 18:40:25,282][INFO ][sid= | uid=][][main | hr.combis.Application] :: Started Application in 3.186 seconds (JVM running for 3.847)
[2019-11-13 18:40:25,282][INFO ][sid= | uid=][][main | hr.combis.Application] :: Started Application in 3.186 seconds (JVM running for 3.847)
[2019-11-13 18:40:31,325][ERROR][sid= | uid=][][http-nio-8080-exec-2 | o.h.e.jdbc.spi.SqlExceptionHelper] :: Data truncation: Data too long for column 'FIRST_NAME' at row 1
[2019-11-13 18:40:31,342][ERROR][sid= | uid=][][http-nio-8080-exec-2 | o.a.c.c.C.[.[.[.[dispatcherServlet]] :: Servlet.service() for servlet [dispatcherServlet] in context with path [] threw exception [Request processing failed; nested exception is org.springframework.dao.DataIntegrityViolationException: could not execute statement; SQL [n/a]; nested exception is org.hibernate.exception.DataException: could not execute statement] with root cause
com.mysql.cj.jdbc.exceptions.MysqlDataTruncation: Data truncation: Data too long for column 'FIRST_NAME' at row 1
	at com.mysql.cj.jdbc.exceptions.SQLExceptionsMapping.translateException(SQLExceptionsMapping.java:104)
	at com.mysql.cj.jdbc.ClientPreparedStatement.executeInternal(ClientPreparedStatement.java:974)
	at com.mysql.cj.jdbc.ClientPreparedStatement.executeUpdateInternal(ClientPreparedStatement.java:1113)
	at com.mysql.cj.jdbc.ClientPreparedStatement.executeUpdateInternal(ClientPreparedStatement.java:1061)
	at com.mysql.cj.jdbc.ClientPreparedStatement.executeLargeUpdate(ClientPreparedStatement.java:1381)
	at com.mysql.cj.jdbc.ClientPreparedStatement.executeUpdate(ClientPreparedStatement.java:1046)
	at com.zaxxer.hikari.pool.ProxyPreparedStatement.executeUpdate(ProxyPreparedStatement.java:61)
	at com.zaxxer.hikari.pool.HikariProxyPreparedStatement.executeUpdate(HikariProxyPreparedStatement.java)
	at org.hibernate.engine.jdbc.internal.ResultSetReturnImpl.executeUpdate(ResultSetReturnImpl.java:197)
	at org.hibernate.dialect.identity.GetGeneratedKeysDelegate.executeAndExtract(GetGeneratedKeysDelegate.java:57)
	at org.hibernate.id.insert.AbstractReturningDelegate.performInsert(AbstractReturningDelegate.java:43)
	at org.hibernate.persister.entity.AbstractEntityPersister.insert(AbstractEntityPersister.java:3106)
	at org.hibernate.persister.entity.AbstractEntityPersister.insert(AbstractEntityPersister.java:3699)
	at org.hibernate.action.internal.EntityIdentityInsertAction.execute(EntityIdentityInsertAction.java:84)
	at org.hibernate.engine.spi.ActionQueue.execute(ActionQueue.java:645)
	at org.hibernate.engine.spi.ActionQueue.addResolvedEntityInsertAction(ActionQueue.java:282)
	at org.hibernate.engine.spi.ActionQueue.addInsertAction(ActionQueue.java:263)
	at org.hibernate.engine.spi.ActionQueue.addAction(ActionQueue.java:317)
	at org.hibernate.event.internal.AbstractSaveEventListener.addInsertAction(AbstractSaveEventListener.java:335)
	at org.hibernate.event.internal.AbstractSaveEventListener.performSaveOrReplicate(AbstractSaveEventListener.java:292)
	at org.hibernate.event.internal.AbstractSaveEventListener.performSave(AbstractSaveEventListener.java:198)
	at org.hibernate.event.internal.AbstractSaveEventListener.saveWithGeneratedId(AbstractSaveEventListener.java:128)
	at org.hibernate.event.internal.DefaultPersistEventListener.entityIsTransient(DefaultPersistEventListener.java:192)
	at org.hibernate.event.internal.DefaultPersistEventListener.onPersist(DefaultPersistEventListener.java:135)
	at org.hibernate.event.internal.DefaultPersistEventListener.onPersist(DefaultPersistEventListener.java:62)
	at org.hibernate.event.service.internal.EventListenerGroupImpl.fireEventOnEachListener(EventListenerGroupImpl.java:108)
	at org.hibernate.internal.SessionImpl.firePersist(SessionImpl.java:702)
	at org.hibernate.internal.SessionImpl.persist(SessionImpl.java:688)
	at sun.reflect.NativeMethodAccessorImpl.invoke0(Native Method)
	at sun.reflect.NativeMethodAccessorImpl.invoke(Unknown Source)
	at sun.reflect.DelegatingMethodAccessorImpl.invoke(Unknown Source)
	at java.lang.reflect.Method.invoke(Unknown Source)
	at org.springframework.orm.jpa.ExtendedEntityManagerCreator$ExtendedEntityManagerInvocationHandler.invoke(ExtendedEntityManagerCreator.java:368)
	at com.sun.proxy.$Proxy90.persist(Unknown Source)
	at sun.reflect.NativeMethodAccessorImpl.invoke0(Native Method)
	at sun.reflect.NativeMethodAccessorImpl.invoke(Unknown Source)
	at sun.reflect.DelegatingMethodAccessorImpl.invoke(Unknown Source)
	at java.lang.reflect.Method.invoke(Unknown Source)
	at org.springframework.orm.jpa.SharedEntityManagerCreator$SharedEntityManagerInvocationHandler.invoke(SharedEntityManagerCreator.java:314)
	at com.sun.proxy.$Proxy90.persist(Unknown Source)
	at org.springframework.data.jpa.repository.support.SimpleJpaRepository.save(SimpleJpaRepository.java:554)
	at sun.reflect.NativeMethodAccessorImpl.invoke0(Native Method)
	at sun.reflect.NativeMethodAccessorImpl.invoke(Unknown Source)
	at sun.reflect.DelegatingMethodAccessorImpl.invoke(Unknown Source)
	at java.lang.reflect.Method.invoke(Unknown Source)
	at org.springframework.data.repository.core.support.RepositoryComposition$RepositoryFragments.invoke(RepositoryComposition.java:371)
	at org.springframework.data.repository.core.support.RepositoryComposition.invoke(RepositoryComposition.java:204)
	at org.springframework.data.repository.core.support.RepositoryFactorySupport$ImplementationMethodExecutionInterceptor.invoke(RepositoryFactorySupport.java:657)
	at org.springframework.aop.framework.ReflectiveMethodInvocation.proceed(ReflectiveMethodInvocation.java:186)
	at org.springframework.data.repository.core.support.RepositoryFactorySupport$QueryExecutorMethodInterceptor.doInvoke(RepositoryFactorySupport.java:621)
	at org.springframework.data.repository.core.support.RepositoryFactorySupport$QueryExecutorMethodInterceptor.invoke(RepositoryFactorySupport.java:605)
	at org.springframework.aop.framework.ReflectiveMethodInvocation.proceed(ReflectiveMethodInvocation.java:186)
	at org.springframework.data.projection.DefaultMethodInvokingMethodInterceptor.invoke(DefaultMethodInvokingMethodInterceptor.java:80)
	at org.springframework.aop.framework.ReflectiveMethodInvocation.proceed(ReflectiveMethodInvocation.java:186)
	at org.springframework.transaction.interceptor.TransactionAspectSupport.invokeWithinTransaction(TransactionAspectSupport.java:366)
	at org.springframework.transaction.interceptor.TransactionInterceptor.invoke(TransactionInterceptor.java:99)
	at org.springframework.aop.framework.ReflectiveMethodInvocation.proceed(ReflectiveMethodInvocation.java:186)
	at org.springframework.dao.support.PersistenceExceptionTranslationInterceptor.invoke(PersistenceExceptionTranslationInterceptor.java:139)
	at org.springframework.aop.framework.ReflectiveMethodInvocation.proceed(ReflectiveMethodInvocation.java:186)
	at org.springframework.data.jpa.repository.support.CrudMethodMetadataPostProcessor$CrudMethodMetadataPopulatingMethodInterceptor.invoke(CrudMethodMetadataPostProcessor.java:178)
	at org.springframework.aop.framework.ReflectiveMethodInvocation.proceed(ReflectiveMethodInvocation.java:186)
	at org.springframework.aop.interceptor.ExposeInvocationInterceptor.invoke(ExposeInvocationInterceptor.java:93)
	at org.springframework.aop.framework.ReflectiveMethodInvocation.proceed(ReflectiveMethodInvocation.java:186)
	at org.springframework.aop.framework.JdkDynamicAopProxy.invoke(JdkDynamicAopProxy.java:212)
	at com.sun.proxy.$Proxy99.save(Unknown Source)
	at hr.combis.service.PersonServiceImpl.loadPersonDataFile(PersonServiceImpl.java:118)
	at hr.combis.controllers.PersonDataController.saveData(PersonDataController.java:35)
	at sun.reflect.NativeMethodAccessorImpl.invoke0(Native Method)
	at sun.reflect.NativeMethodAccessorImpl.invoke(Unknown Source)
	at sun.reflect.DelegatingMethodAccessorImpl.invoke(Unknown Source)
	at java.lang.reflect.Method.invoke(Unknown Source)
	at org.springframework.web.method.support.InvocableHandlerMethod.doInvoke(InvocableHandlerMethod.java:190)
	at org.springframework.web.method.support.InvocableHandlerMethod.invokeForRequest(InvocableHandlerMethod.java:138)
	at org.springframework.web.servlet.mvc.method.annotation.ServletInvocableHandlerMethod.invokeAndHandle(ServletInvocableHandlerMethod.java:106)
	at org.springframework.web.servlet.mvc.method.annotation.RequestMappingHandlerAdapter.invokeHandlerMethod(RequestMappingHandlerAdapter.java:888)
	at org.springframework.web.servlet.mvc.method.annotation.RequestMappingHandlerAdapter.handleInternal(RequestMappingHandlerAdapter.java:793)
	at org.springframework.web.servlet.mvc.method.AbstractHandlerMethodAdapter.handle(AbstractHandlerMethodAdapter.java:87)
	at org.springframework.web.servlet.DispatcherServlet.doDispatch(DispatcherServlet.java:1040)
	at org.springframework.web.servlet.DispatcherServlet.doService(DispatcherServlet.java:943)
	at org.springframework.web.servlet.FrameworkServlet.processRequest(FrameworkServlet.java:1006)
	at org.springframework.web.servlet.FrameworkServlet.doPost(FrameworkServlet.java:909)
	at javax.servlet.http.HttpServlet.service(HttpServlet.java:660)
	at org.springframework.web.servlet.FrameworkServlet.service(FrameworkServlet.java:883)
	at javax.servlet.http.HttpServlet.service(HttpServlet.java:741)
	at org.apache.catalina.core.ApplicationFilterChain.internalDoFilter(ApplicationFilterChain.java:231)
	at org.apache.catalina.core.ApplicationFilterChain.doFilter(ApplicationFilterChain.java:166)
	at org.apache.tomcat.websocket.server.WsFilter.doFilter(WsFilter.java:53)
	at org.apache.catalina.core.ApplicationFilterChain.internalDoFilter(ApplicationFilterChain.java:193)
	at org.apache.catalina.core.ApplicationFilterChain.doFilter(ApplicationFilterChain.java:166)
	at org.springframework.web.filter.RequestContextFilter.doFilterInternal(RequestContextFilter.java:100)
	at org.springframework.web.filter.OncePerRequestFilter.doFilter(OncePerRequestFilter.java:119)
	at org.apache.catalina.core.ApplicationFilterChain.internalDoFilter(ApplicationFilterChain.java:193)
	at org.apache.catalina.core.ApplicationFilterChain.doFilter(ApplicationFilterChain.java:166)
	at org.springframework.web.filter.FormContentFilter.doFilterInternal(FormContentFilter.java:93)
	at org.springframework.web.filter.OncePerRequestFilter.doFilter(OncePerRequestFilter.java:119)
	at org.apache.catalina.core.ApplicationFilterChain.internalDoFilter(ApplicationFilterChain.java:193)
	at org.apache.catalina.core.ApplicationFilterChain.doFilter(ApplicationFilterChain.java:166)
	at org.springframework.web.filter.CharacterEncodingFilter.doFilterInternal(CharacterEncodingFilter.java:201)
	at org.springframework.web.filter.OncePerRequestFilter.doFilter(OncePerRequestFilter.java:119)
	at org.apache.catalina.core.ApplicationFilterChain.internalDoFilter(ApplicationFilterChain.java:193)
	at org.apache.catalina.core.ApplicationFilterChain.doFilter(ApplicationFilterChain.java:166)
	at org.apache.catalina.core.StandardWrapperValve.invoke(StandardWrapperValve.java:202)
	at org.apache.catalina.core.StandardContextValve.invoke(StandardContextValve.java:96)
	at org.apache.catalina.authenticator.AuthenticatorBase.invoke(AuthenticatorBase.java:526)
	at org.apache.catalina.core.StandardHostValve.invoke(StandardHostValve.java:139)
	at org.apache.catalina.valves.ErrorReportValve.invoke(ErrorReportValve.java:92)
	at org.apache.catalina.core.StandardEngineValve.invoke(StandardEngineValve.java:74)
	at org.apache.catalina.connector.CoyoteAdapter.service(CoyoteAdapter.java:343)
	at org.apache.coyote.http11.Http11Processor.service(Http11Processor.java:408)
	at org.apache.coyote.AbstractProcessorLight.process(AbstractProcessorLight.java:66)
	at org.apache.coyote.AbstractProtocol$ConnectionHandler.process(AbstractProtocol.java:861)
	at org.apache.tomcat.util.net.NioEndpoint$SocketProcessor.doRun(NioEndpoint.java:1579)
	at org.apache.tomcat.util.net.SocketProcessorBase.run(SocketProcessorBase.java:49)
	at java.util.concurrent.ThreadPoolExecutor.runWorker(Unknown Source)
	at java.util.concurrent.ThreadPoolExecutor$Worker.run(Unknown Source)
	at org.apache.tomcat.util.threads.TaskThread$WrappingRunnable.run(TaskThread.java:61)
	at java.lang.Thread.run(Unknown Source)
[2019-11-13 18:40:55,189][INFO ][sid= | uid=][][main | hr.combis.Application] :: Starting Application on DESKTOP-OI40UNV with PID 236 (C:\Users\helena\combis\backend\zadatakCombis\target\classes started by helena in C:\Users\helena\combis\backend\zadatakCombis)
[2019-11-13 18:40:55,189][INFO ][sid= | uid=][][main | hr.combis.Application] :: Starting Application on DESKTOP-OI40UNV with PID 236 (C:\Users\helena\combis\backend\zadatakCombis\target\classes started by helena in C:\Users\helena\combis\backend\zadatakCombis)
[2019-11-13 18:40:55,189][DEBUG][sid= | uid=][][main | hr.combis.Application] :: Running with Spring Boot v2.2.1.RELEASE, Spring v5.2.1.RELEASE
[2019-11-13 18:40:55,189][DEBUG][sid= | uid=][][main | hr.combis.Application] :: Running with Spring Boot v2.2.1.RELEASE, Spring v5.2.1.RELEASE
[2019-11-13 18:40:55,189][INFO ][sid= | uid=][][main | hr.combis.Application] :: No active profile set, falling back to default profiles: default
[2019-11-13 18:40:55,189][INFO ][sid= | uid=][][main | hr.combis.Application] :: No active profile set, falling back to default profiles: default
[2019-11-13 18:40:58,615][INFO ][sid= | uid=][][main | hr.combis.Application] :: Started Application in 3.734 seconds (JVM running for 4.668)
[2019-11-13 18:40:58,615][INFO ][sid= | uid=][][main | hr.combis.Application] :: Started Application in 3.734 seconds (JVM running for 4.668)
[2019-11-13 18:41:26,869][ERROR][sid= | uid=][][http-nio-8080-exec-1 | o.h.e.jdbc.spi.SqlExceptionHelper] :: Data truncation: Data too long for column 'FIRST_NAME' at row 1
[2019-11-13 18:41:26,902][ERROR][sid= | uid=][][http-nio-8080-exec-1 | o.a.c.c.C.[.[.[.[dispatcherServlet]] :: Servlet.service() for servlet [dispatcherServlet] in context with path [] threw exception [Request processing failed; nested exception is org.springframework.dao.DataIntegrityViolationException: could not execute statement; SQL [n/a]; nested exception is org.hibernate.exception.DataException: could not execute statement] with root cause
com.mysql.cj.jdbc.exceptions.MysqlDataTruncation: Data truncation: Data too long for column 'FIRST_NAME' at row 1
	at com.mysql.cj.jdbc.exceptions.SQLExceptionsMapping.translateException(SQLExceptionsMapping.java:104)
	at com.mysql.cj.jdbc.ClientPreparedStatement.executeInternal(ClientPreparedStatement.java:974)
	at com.mysql.cj.jdbc.ClientPreparedStatement.executeUpdateInternal(ClientPreparedStatement.java:1113)
	at com.mysql.cj.jdbc.ClientPreparedStatement.executeUpdateInternal(ClientPreparedStatement.java:1061)
	at com.mysql.cj.jdbc.ClientPreparedStatement.executeLargeUpdate(ClientPreparedStatement.java:1381)
	at com.mysql.cj.jdbc.ClientPreparedStatement.executeUpdate(ClientPreparedStatement.java:1046)
	at com.zaxxer.hikari.pool.ProxyPreparedStatement.executeUpdate(ProxyPreparedStatement.java:61)
	at com.zaxxer.hikari.pool.HikariProxyPreparedStatement.executeUpdate(HikariProxyPreparedStatement.java)
	at org.hibernate.engine.jdbc.internal.ResultSetReturnImpl.executeUpdate(ResultSetReturnImpl.java:197)
	at org.hibernate.dialect.identity.GetGeneratedKeysDelegate.executeAndExtract(GetGeneratedKeysDelegate.java:57)
	at org.hibernate.id.insert.AbstractReturningDelegate.performInsert(AbstractReturningDelegate.java:43)
	at org.hibernate.persister.entity.AbstractEntityPersister.insert(AbstractEntityPersister.java:3106)
	at org.hibernate.persister.entity.AbstractEntityPersister.insert(AbstractEntityPersister.java:3699)
	at org.hibernate.action.internal.EntityIdentityInsertAction.execute(EntityIdentityInsertAction.java:84)
	at org.hibernate.engine.spi.ActionQueue.execute(ActionQueue.java:645)
	at org.hibernate.engine.spi.ActionQueue.addResolvedEntityInsertAction(ActionQueue.java:282)
	at org.hibernate.engine.spi.ActionQueue.addInsertAction(ActionQueue.java:263)
	at org.hibernate.engine.spi.ActionQueue.addAction(ActionQueue.java:317)
	at org.hibernate.event.internal.AbstractSaveEventListener.addInsertAction(AbstractSaveEventListener.java:335)
	at org.hibernate.event.internal.AbstractSaveEventListener.performSaveOrReplicate(AbstractSaveEventListener.java:292)
	at org.hibernate.event.internal.AbstractSaveEventListener.performSave(AbstractSaveEventListener.java:198)
	at org.hibernate.event.internal.AbstractSaveEventListener.saveWithGeneratedId(AbstractSaveEventListener.java:128)
	at org.hibernate.event.internal.DefaultPersistEventListener.entityIsTransient(DefaultPersistEventListener.java:192)
	at org.hibernate.event.internal.DefaultPersistEventListener.onPersist(DefaultPersistEventListener.java:135)
	at org.hibernate.event.internal.DefaultPersistEventListener.onPersist(DefaultPersistEventListener.java:62)
	at org.hibernate.event.service.internal.EventListenerGroupImpl.fireEventOnEachListener(EventListenerGroupImpl.java:108)
	at org.hibernate.internal.SessionImpl.firePersist(SessionImpl.java:702)
	at org.hibernate.internal.SessionImpl.persist(SessionImpl.java:688)
	at sun.reflect.NativeMethodAccessorImpl.invoke0(Native Method)
	at sun.reflect.NativeMethodAccessorImpl.invoke(Unknown Source)
	at sun.reflect.DelegatingMethodAccessorImpl.invoke(Unknown Source)
	at java.lang.reflect.Method.invoke(Unknown Source)
	at org.springframework.orm.jpa.ExtendedEntityManagerCreator$ExtendedEntityManagerInvocationHandler.invoke(ExtendedEntityManagerCreator.java:368)
	at com.sun.proxy.$Proxy90.persist(Unknown Source)
	at sun.reflect.NativeMethodAccessorImpl.invoke0(Native Method)
	at sun.reflect.NativeMethodAccessorImpl.invoke(Unknown Source)
	at sun.reflect.DelegatingMethodAccessorImpl.invoke(Unknown Source)
	at java.lang.reflect.Method.invoke(Unknown Source)
	at org.springframework.orm.jpa.SharedEntityManagerCreator$SharedEntityManagerInvocationHandler.invoke(SharedEntityManagerCreator.java:314)
	at com.sun.proxy.$Proxy90.persist(Unknown Source)
	at org.springframework.data.jpa.repository.support.SimpleJpaRepository.save(SimpleJpaRepository.java:554)
	at sun.reflect.NativeMethodAccessorImpl.invoke0(Native Method)
	at sun.reflect.NativeMethodAccessorImpl.invoke(Unknown Source)
	at sun.reflect.DelegatingMethodAccessorImpl.invoke(Unknown Source)
	at java.lang.reflect.Method.invoke(Unknown Source)
	at org.springframework.data.repository.core.support.RepositoryComposition$RepositoryFragments.invoke(RepositoryComposition.java:371)
	at org.springframework.data.repository.core.support.RepositoryComposition.invoke(RepositoryComposition.java:204)
	at org.springframework.data.repository.core.support.RepositoryFactorySupport$ImplementationMethodExecutionInterceptor.invoke(RepositoryFactorySupport.java:657)
	at org.springframework.aop.framework.ReflectiveMethodInvocation.proceed(ReflectiveMethodInvocation.java:186)
	at org.springframework.data.repository.core.support.RepositoryFactorySupport$QueryExecutorMethodInterceptor.doInvoke(RepositoryFactorySupport.java:621)
	at org.springframework.data.repository.core.support.RepositoryFactorySupport$QueryExecutorMethodInterceptor.invoke(RepositoryFactorySupport.java:605)
	at org.springframework.aop.framework.ReflectiveMethodInvocation.proceed(ReflectiveMethodInvocation.java:186)
	at org.springframework.data.projection.DefaultMethodInvokingMethodInterceptor.invoke(DefaultMethodInvokingMethodInterceptor.java:80)
	at org.springframework.aop.framework.ReflectiveMethodInvocation.proceed(ReflectiveMethodInvocation.java:186)
	at org.springframework.transaction.interceptor.TransactionAspectSupport.invokeWithinTransaction(TransactionAspectSupport.java:366)
	at org.springframework.transaction.interceptor.TransactionInterceptor.invoke(TransactionInterceptor.java:99)
	at org.springframework.aop.framework.ReflectiveMethodInvocation.proceed(ReflectiveMethodInvocation.java:186)
	at org.springframework.dao.support.PersistenceExceptionTranslationInterceptor.invoke(PersistenceExceptionTranslationInterceptor.java:139)
	at org.springframework.aop.framework.ReflectiveMethodInvocation.proceed(ReflectiveMethodInvocation.java:186)
	at org.springframework.data.jpa.repository.support.CrudMethodMetadataPostProcessor$CrudMethodMetadataPopulatingMethodInterceptor.invoke(CrudMethodMetadataPostProcessor.java:178)
	at org.springframework.aop.framework.ReflectiveMethodInvocation.proceed(ReflectiveMethodInvocation.java:186)
	at org.springframework.aop.interceptor.ExposeInvocationInterceptor.invoke(ExposeInvocationInterceptor.java:93)
	at org.springframework.aop.framework.ReflectiveMethodInvocation.proceed(ReflectiveMethodInvocation.java:186)
	at org.springframework.aop.framework.JdkDynamicAopProxy.invoke(JdkDynamicAopProxy.java:212)
	at com.sun.proxy.$Proxy99.save(Unknown Source)
	at hr.combis.service.PersonServiceImpl.loadPersonDataFile(PersonServiceImpl.java:118)
	at hr.combis.controllers.PersonDataController.saveData(PersonDataController.java:35)
	at sun.reflect.NativeMethodAccessorImpl.invoke0(Native Method)
	at sun.reflect.NativeMethodAccessorImpl.invoke(Unknown Source)
	at sun.reflect.DelegatingMethodAccessorImpl.invoke(Unknown Source)
	at java.lang.reflect.Method.invoke(Unknown Source)
	at org.springframework.web.method.support.InvocableHandlerMethod.doInvoke(InvocableHandlerMethod.java:190)
	at org.springframework.web.method.support.InvocableHandlerMethod.invokeForRequest(InvocableHandlerMethod.java:138)
	at org.springframework.web.servlet.mvc.method.annotation.ServletInvocableHandlerMethod.invokeAndHandle(ServletInvocableHandlerMethod.java:106)
	at org.springframework.web.servlet.mvc.method.annotation.RequestMappingHandlerAdapter.invokeHandlerMethod(RequestMappingHandlerAdapter.java:888)
	at org.springframework.web.servlet.mvc.method.annotation.RequestMappingHandlerAdapter.handleInternal(RequestMappingHandlerAdapter.java:793)
	at org.springframework.web.servlet.mvc.method.AbstractHandlerMethodAdapter.handle(AbstractHandlerMethodAdapter.java:87)
	at org.springframework.web.servlet.DispatcherServlet.doDispatch(DispatcherServlet.java:1040)
	at org.springframework.web.servlet.DispatcherServlet.doService(DispatcherServlet.java:943)
	at org.springframework.web.servlet.FrameworkServlet.processRequest(FrameworkServlet.java:1006)
	at org.springframework.web.servlet.FrameworkServlet.doPost(FrameworkServlet.java:909)
	at javax.servlet.http.HttpServlet.service(HttpServlet.java:660)
	at org.springframework.web.servlet.FrameworkServlet.service(FrameworkServlet.java:883)
	at javax.servlet.http.HttpServlet.service(HttpServlet.java:741)
	at org.apache.catalina.core.ApplicationFilterChain.internalDoFilter(ApplicationFilterChain.java:231)
	at org.apache.catalina.core.ApplicationFilterChain.doFilter(ApplicationFilterChain.java:166)
	at org.apache.tomcat.websocket.server.WsFilter.doFilter(WsFilter.java:53)
	at org.apache.catalina.core.ApplicationFilterChain.internalDoFilter(ApplicationFilterChain.java:193)
	at org.apache.catalina.core.ApplicationFilterChain.doFilter(ApplicationFilterChain.java:166)
	at org.springframework.web.filter.RequestContextFilter.doFilterInternal(RequestContextFilter.java:100)
	at org.springframework.web.filter.OncePerRequestFilter.doFilter(OncePerRequestFilter.java:119)
	at org.apache.catalina.core.ApplicationFilterChain.internalDoFilter(ApplicationFilterChain.java:193)
	at org.apache.catalina.core.ApplicationFilterChain.doFilter(ApplicationFilterChain.java:166)
	at org.springframework.web.filter.FormContentFilter.doFilterInternal(FormContentFilter.java:93)
	at org.springframework.web.filter.OncePerRequestFilter.doFilter(OncePerRequestFilter.java:119)
	at org.apache.catalina.core.ApplicationFilterChain.internalDoFilter(ApplicationFilterChain.java:193)
	at org.apache.catalina.core.ApplicationFilterChain.doFilter(ApplicationFilterChain.java:166)
	at org.springframework.web.filter.CharacterEncodingFilter.doFilterInternal(CharacterEncodingFilter.java:201)
	at org.springframework.web.filter.OncePerRequestFilter.doFilter(OncePerRequestFilter.java:119)
	at org.apache.catalina.core.ApplicationFilterChain.internalDoFilter(ApplicationFilterChain.java:193)
	at org.apache.catalina.core.ApplicationFilterChain.doFilter(ApplicationFilterChain.java:166)
	at org.apache.catalina.core.StandardWrapperValve.invoke(StandardWrapperValve.java:202)
	at org.apache.catalina.core.StandardContextValve.invoke(StandardContextValve.java:96)
	at org.apache.catalina.authenticator.AuthenticatorBase.invoke(AuthenticatorBase.java:526)
	at org.apache.catalina.core.StandardHostValve.invoke(StandardHostValve.java:139)
	at org.apache.catalina.valves.ErrorReportValve.invoke(ErrorReportValve.java:92)
	at org.apache.catalina.core.StandardEngineValve.invoke(StandardEngineValve.java:74)
	at org.apache.catalina.connector.CoyoteAdapter.service(CoyoteAdapter.java:343)
	at org.apache.coyote.http11.Http11Processor.service(Http11Processor.java:408)
	at org.apache.coyote.AbstractProcessorLight.process(AbstractProcessorLight.java:66)
	at org.apache.coyote.AbstractProtocol$ConnectionHandler.process(AbstractProtocol.java:861)
	at org.apache.tomcat.util.net.NioEndpoint$SocketProcessor.doRun(NioEndpoint.java:1579)
	at org.apache.tomcat.util.net.SocketProcessorBase.run(SocketProcessorBase.java:49)
	at java.util.concurrent.ThreadPoolExecutor.runWorker(Unknown Source)
	at java.util.concurrent.ThreadPoolExecutor$Worker.run(Unknown Source)
	at org.apache.tomcat.util.threads.TaskThread$WrappingRunnable.run(TaskThread.java:61)
	at java.lang.Thread.run(Unknown Source)
[2019-11-13 19:05:08,736][INFO ][sid= | uid=][][main | hr.combis.Application] :: Starting Application on DESKTOP-OI40UNV with PID 10004 (C:\Users\helena\combis\backend\zadatakCombis\target\classes started by helena in C:\Users\helena\combis\backend\zadatakCombis)
[2019-11-13 19:05:08,736][INFO ][sid= | uid=][][main | hr.combis.Application] :: Starting Application on DESKTOP-OI40UNV with PID 10004 (C:\Users\helena\combis\backend\zadatakCombis\target\classes started by helena in C:\Users\helena\combis\backend\zadatakCombis)
[2019-11-13 19:05:08,736][DEBUG][sid= | uid=][][main | hr.combis.Application] :: Running with Spring Boot v2.2.1.RELEASE, Spring v5.2.1.RELEASE
[2019-11-13 19:05:08,736][DEBUG][sid= | uid=][][main | hr.combis.Application] :: Running with Spring Boot v2.2.1.RELEASE, Spring v5.2.1.RELEASE
[2019-11-13 19:05:08,736][INFO ][sid= | uid=][][main | hr.combis.Application] :: No active profile set, falling back to default profiles: default
[2019-11-13 19:05:08,736][INFO ][sid= | uid=][][main | hr.combis.Application] :: No active profile set, falling back to default profiles: default
[2019-11-13 19:05:12,306][INFO ][sid= | uid=][][main | hr.combis.Application] :: Started Application in 3.858 seconds (JVM running for 4.715)
[2019-11-13 19:05:12,306][INFO ][sid= | uid=][][main | hr.combis.Application] :: Started Application in 3.858 seconds (JVM running for 4.715)
[2019-11-13 19:05:53,137][INFO ][sid= | uid=][][main | hr.combis.Application] :: Starting Application on DESKTOP-OI40UNV with PID 1192 (C:\Users\helena\combis\backend\zadatakCombis\target\classes started by helena in C:\Users\helena\combis\backend\zadatakCombis)
[2019-11-13 19:05:53,137][INFO ][sid= | uid=][][main | hr.combis.Application] :: Starting Application on DESKTOP-OI40UNV with PID 1192 (C:\Users\helena\combis\backend\zadatakCombis\target\classes started by helena in C:\Users\helena\combis\backend\zadatakCombis)
[2019-11-13 19:05:53,139][DEBUG][sid= | uid=][][main | hr.combis.Application] :: Running with Spring Boot v2.2.1.RELEASE, Spring v5.2.1.RELEASE
[2019-11-13 19:05:53,139][DEBUG][sid= | uid=][][main | hr.combis.Application] :: Running with Spring Boot v2.2.1.RELEASE, Spring v5.2.1.RELEASE
[2019-11-13 19:05:53,139][INFO ][sid= | uid=][][main | hr.combis.Application] :: No active profile set, falling back to default profiles: default
[2019-11-13 19:05:53,139][INFO ][sid= | uid=][][main | hr.combis.Application] :: No active profile set, falling back to default profiles: default
[2019-11-13 19:05:56,144][INFO ][sid= | uid=][][main | hr.combis.Application] :: Started Application in 3.255 seconds (JVM running for 3.924)
[2019-11-13 19:05:56,144][INFO ][sid= | uid=][][main | hr.combis.Application] :: Started Application in 3.255 seconds (JVM running for 3.924)
[2019-11-13 19:06:57,392][INFO ][sid= | uid=][][main | hr.combis.Application] :: Starting Application on DESKTOP-OI40UNV with PID 252 (C:\Users\helena\combis\backend\zadatakCombis\target\classes started by helena in C:\Users\helena\combis\backend\zadatakCombis)
[2019-11-13 19:06:57,392][INFO ][sid= | uid=][][main | hr.combis.Application] :: Starting Application on DESKTOP-OI40UNV with PID 252 (C:\Users\helena\combis\backend\zadatakCombis\target\classes started by helena in C:\Users\helena\combis\backend\zadatakCombis)
[2019-11-13 19:06:57,392][DEBUG][sid= | uid=][][main | hr.combis.Application] :: Running with Spring Boot v2.2.1.RELEASE, Spring v5.2.1.RELEASE
[2019-11-13 19:06:57,392][DEBUG][sid= | uid=][][main | hr.combis.Application] :: Running with Spring Boot v2.2.1.RELEASE, Spring v5.2.1.RELEASE
[2019-11-13 19:06:57,408][INFO ][sid= | uid=][][main | hr.combis.Application] :: No active profile set, falling back to default profiles: default
[2019-11-13 19:06:57,408][INFO ][sid= | uid=][][main | hr.combis.Application] :: No active profile set, falling back to default profiles: default
[2019-11-13 19:07:00,286][INFO ][sid= | uid=][][main | hr.combis.Application] :: Started Application in 3.126 seconds (JVM running for 3.788)
[2019-11-13 19:07:00,286][INFO ][sid= | uid=][][main | hr.combis.Application] :: Started Application in 3.126 seconds (JVM running for 3.788)
[2019-11-13 19:07:23,842][INFO ][sid= | uid=][][main | hr.combis.Application] :: Starting Application on DESKTOP-OI40UNV with PID 8752 (C:\Users\helena\combis\backend\zadatakCombis\target\classes started by helena in C:\Users\helena\combis\backend\zadatakCombis)
[2019-11-13 19:07:23,842][INFO ][sid= | uid=][][main | hr.combis.Application] :: Starting Application on DESKTOP-OI40UNV with PID 8752 (C:\Users\helena\combis\backend\zadatakCombis\target\classes started by helena in C:\Users\helena\combis\backend\zadatakCombis)
[2019-11-13 19:07:23,845][DEBUG][sid= | uid=][][main | hr.combis.Application] :: Running with Spring Boot v2.2.1.RELEASE, Spring v5.2.1.RELEASE
[2019-11-13 19:07:23,845][DEBUG][sid= | uid=][][main | hr.combis.Application] :: Running with Spring Boot v2.2.1.RELEASE, Spring v5.2.1.RELEASE
[2019-11-13 19:07:23,846][INFO ][sid= | uid=][][main | hr.combis.Application] :: No active profile set, falling back to default profiles: default
[2019-11-13 19:07:23,846][INFO ][sid= | uid=][][main | hr.combis.Application] :: No active profile set, falling back to default profiles: default
[2019-11-13 19:07:27,276][INFO ][sid= | uid=][][main | hr.combis.Application] :: Started Application in 3.744 seconds (JVM running for 4.602)
[2019-11-13 19:07:27,276][INFO ][sid= | uid=][][main | hr.combis.Application] :: Started Application in 3.744 seconds (JVM running for 4.602)
[2019-11-13 20:10:27,798][INFO ][sid= | uid=][][main | hr.combis.Application] :: Starting Application on DESKTOP-OI40UNV with PID 5860 (C:\Users\helena\combis\backend\zadatakCombis\target\classes started by helena in C:\Users\helena\combis\backend\zadatakCombis)
[2019-11-13 20:10:27,798][INFO ][sid= | uid=][][main | hr.combis.Application] :: Starting Application on DESKTOP-OI40UNV with PID 5860 (C:\Users\helena\combis\backend\zadatakCombis\target\classes started by helena in C:\Users\helena\combis\backend\zadatakCombis)
[2019-11-13 20:10:27,798][DEBUG][sid= | uid=][][main | hr.combis.Application] :: Running with Spring Boot v2.2.1.RELEASE, Spring v5.2.1.RELEASE
[2019-11-13 20:10:27,798][DEBUG][sid= | uid=][][main | hr.combis.Application] :: Running with Spring Boot v2.2.1.RELEASE, Spring v5.2.1.RELEASE
[2019-11-13 20:10:27,798][INFO ][sid= | uid=][][main | hr.combis.Application] :: No active profile set, falling back to default profiles: default
[2019-11-13 20:10:27,798][INFO ][sid= | uid=][][main | hr.combis.Application] :: No active profile set, falling back to default profiles: default
[2019-11-13 20:10:30,675][INFO ][sid= | uid=][][main | hr.combis.Application] :: Started Application in 3.124 seconds (JVM running for 3.782)
[2019-11-13 20:10:30,675][INFO ][sid= | uid=][][main | hr.combis.Application] :: Started Application in 3.124 seconds (JVM running for 3.782)
[2019-11-13 20:13:55,892][INFO ][sid= | uid=][][main | hr.combis.Application] :: Starting Application on DESKTOP-OI40UNV with PID 8016 (C:\Users\helena\combis\backend\zadatakCombis\target\classes started by helena in C:\Users\helena\combis\backend\zadatakCombis)
[2019-11-13 20:13:55,892][INFO ][sid= | uid=][][main | hr.combis.Application] :: Starting Application on DESKTOP-OI40UNV with PID 8016 (C:\Users\helena\combis\backend\zadatakCombis\target\classes started by helena in C:\Users\helena\combis\backend\zadatakCombis)
[2019-11-13 20:13:55,892][DEBUG][sid= | uid=][][main | hr.combis.Application] :: Running with Spring Boot v2.2.1.RELEASE, Spring v5.2.1.RELEASE
[2019-11-13 20:13:55,892][DEBUG][sid= | uid=][][main | hr.combis.Application] :: Running with Spring Boot v2.2.1.RELEASE, Spring v5.2.1.RELEASE
[2019-11-13 20:13:55,892][INFO ][sid= | uid=][][main | hr.combis.Application] :: No active profile set, falling back to default profiles: default
[2019-11-13 20:13:55,892][INFO ][sid= | uid=][][main | hr.combis.Application] :: No active profile set, falling back to default profiles: default
[2019-11-13 20:13:58,889][INFO ][sid= | uid=][][main | hr.combis.Application] :: Started Application in 3.234 seconds (JVM running for 3.915)
[2019-11-13 20:13:58,889][INFO ][sid= | uid=][][main | hr.combis.Application] :: Started Application in 3.234 seconds (JVM running for 3.915)
[2019-11-13 20:18:47,111][INFO ][sid= | uid=][][main | hr.combis.Application] :: Starting Application on DESKTOP-OI40UNV with PID 7892 (C:\Users\helena\combis\backend\zadatakCombis\target\classes started by helena in C:\Users\helena\combis\backend\zadatakCombis)
[2019-11-13 20:18:47,111][INFO ][sid= | uid=][][main | hr.combis.Application] :: Starting Application on DESKTOP-OI40UNV with PID 7892 (C:\Users\helena\combis\backend\zadatakCombis\target\classes started by helena in C:\Users\helena\combis\backend\zadatakCombis)
[2019-11-13 20:18:47,111][DEBUG][sid= | uid=][][main | hr.combis.Application] :: Running with Spring Boot v2.2.1.RELEASE, Spring v5.2.1.RELEASE
[2019-11-13 20:18:47,111][DEBUG][sid= | uid=][][main | hr.combis.Application] :: Running with Spring Boot v2.2.1.RELEASE, Spring v5.2.1.RELEASE
[2019-11-13 20:18:47,111][INFO ][sid= | uid=][][main | hr.combis.Application] :: No active profile set, falling back to default profiles: default
[2019-11-13 20:18:47,111][INFO ][sid= | uid=][][main | hr.combis.Application] :: No active profile set, falling back to default profiles: default
[2019-11-13 20:18:49,111][ERROR][sid= | uid=][][main | o.s.boot.SpringApplication] :: Application run failed
org.springframework.beans.factory.BeanCreationException: Error creating bean with name 'entityManagerFactory' defined in class path resource [org/springframework/boot/autoconfigure/orm/jpa/HibernateJpaConfiguration.class]: Invocation of init method failed; nested exception is javax.persistence.PersistenceException: [PersistenceUnit: default] Unable to build Hibernate SessionFactory; nested exception is org.hibernate.MappingException: Could not determine type for: org.springframework.context.support.MessageSourceAccessor, at table: person, for columns: [org.hibernate.mapping.Column(message)]
	at org.springframework.beans.factory.support.AbstractAutowireCapableBeanFactory.initializeBean(AbstractAutowireCapableBeanFactory.java:1803)
	at org.springframework.beans.factory.support.AbstractAutowireCapableBeanFactory.doCreateBean(AbstractAutowireCapableBeanFactory.java:595)
	at org.springframework.beans.factory.support.AbstractAutowireCapableBeanFactory.createBean(AbstractAutowireCapableBeanFactory.java:517)
	at org.springframework.beans.factory.support.AbstractBeanFactory.lambda$doGetBean$0(AbstractBeanFactory.java:323)
	at org.springframework.beans.factory.support.DefaultSingletonBeanRegistry.getSingleton(DefaultSingletonBeanRegistry.java:222)
	at org.springframework.beans.factory.support.AbstractBeanFactory.doGetBean(AbstractBeanFactory.java:321)
	at org.springframework.beans.factory.support.AbstractBeanFactory.getBean(AbstractBeanFactory.java:202)
	at org.springframework.context.support.AbstractApplicationContext.getBean(AbstractApplicationContext.java:1108)
	at org.springframework.context.support.AbstractApplicationContext.finishBeanFactoryInitialization(AbstractApplicationContext.java:868)
	at org.springframework.context.support.AbstractApplicationContext.refresh(AbstractApplicationContext.java:550)
	at org.springframework.boot.web.servlet.context.ServletWebServerApplicationContext.refresh(ServletWebServerApplicationContext.java:141)
	at org.springframework.boot.SpringApplication.refresh(SpringApplication.java:747)
	at org.springframework.boot.SpringApplication.refreshContext(SpringApplication.java:397)
	at org.springframework.boot.SpringApplication.run(SpringApplication.java:315)
	at org.springframework.boot.SpringApplication.run(SpringApplication.java:1226)
	at org.springframework.boot.SpringApplication.run(SpringApplication.java:1215)
	at hr.combis.Application.main(Application.java:16)
Caused by: javax.persistence.PersistenceException: [PersistenceUnit: default] Unable to build Hibernate SessionFactory; nested exception is org.hibernate.MappingException: Could not determine type for: org.springframework.context.support.MessageSourceAccessor, at table: person, for columns: [org.hibernate.mapping.Column(message)]
	at org.springframework.orm.jpa.AbstractEntityManagerFactoryBean.buildNativeEntityManagerFactory(AbstractEntityManagerFactoryBean.java:403)
	at org.springframework.orm.jpa.AbstractEntityManagerFactoryBean.afterPropertiesSet(AbstractEntityManagerFactoryBean.java:378)
	at org.springframework.orm.jpa.LocalContainerEntityManagerFactoryBean.afterPropertiesSet(LocalContainerEntityManagerFactoryBean.java:341)
	at org.springframework.beans.factory.support.AbstractAutowireCapableBeanFactory.invokeInitMethods(AbstractAutowireCapableBeanFactory.java:1862)
	at org.springframework.beans.factory.support.AbstractAutowireCapableBeanFactory.initializeBean(AbstractAutowireCapableBeanFactory.java:1799)
	... 16 common frames omitted
Caused by: org.hibernate.MappingException: Could not determine type for: org.springframework.context.support.MessageSourceAccessor, at table: person, for columns: [org.hibernate.mapping.Column(message)]
	at org.hibernate.mapping.SimpleValue.getType(SimpleValue.java:488)
	at org.hibernate.mapping.SimpleValue.isValid(SimpleValue.java:455)
	at org.hibernate.mapping.Property.isValid(Property.java:227)
	at org.hibernate.mapping.PersistentClass.validate(PersistentClass.java:624)
	at org.hibernate.mapping.RootClass.validate(RootClass.java:267)
	at org.hibernate.boot.internal.MetadataImpl.validate(MetadataImpl.java:343)
	at org.hibernate.boot.internal.SessionFactoryBuilderImpl.build(SessionFactoryBuilderImpl.java:461)
	at org.hibernate.jpa.boot.internal.EntityManagerFactoryBuilderImpl.build(EntityManagerFactoryBuilderImpl.java:1249)
	at org.springframework.orm.jpa.vendor.SpringHibernateJpaPersistenceProvider.createContainerEntityManagerFactory(SpringHibernateJpaPersistenceProvider.java:58)
	at org.springframework.orm.jpa.LocalContainerEntityManagerFactoryBean.createNativeEntityManagerFactory(LocalContainerEntityManagerFactoryBean.java:365)
	at org.springframework.orm.jpa.AbstractEntityManagerFactoryBean.buildNativeEntityManagerFactory(AbstractEntityManagerFactoryBean.java:391)
	... 20 common frames omitted
[2019-11-13 20:19:11,330][INFO ][sid= | uid=][][main | hr.combis.Application] :: Starting Application on DESKTOP-OI40UNV with PID 8880 (C:\Users\helena\combis\backend\zadatakCombis\target\classes started by helena in C:\Users\helena\combis\backend\zadatakCombis)
[2019-11-13 20:19:11,330][INFO ][sid= | uid=][][main | hr.combis.Application] :: Starting Application on DESKTOP-OI40UNV with PID 8880 (C:\Users\helena\combis\backend\zadatakCombis\target\classes started by helena in C:\Users\helena\combis\backend\zadatakCombis)
[2019-11-13 20:19:11,330][DEBUG][sid= | uid=][][main | hr.combis.Application] :: Running with Spring Boot v2.2.1.RELEASE, Spring v5.2.1.RELEASE
[2019-11-13 20:19:11,330][DEBUG][sid= | uid=][][main | hr.combis.Application] :: Running with Spring Boot v2.2.1.RELEASE, Spring v5.2.1.RELEASE
[2019-11-13 20:19:11,330][INFO ][sid= | uid=][][main | hr.combis.Application] :: No active profile set, falling back to default profiles: default
[2019-11-13 20:19:11,330][INFO ][sid= | uid=][][main | hr.combis.Application] :: No active profile set, falling back to default profiles: default
[2019-11-13 20:19:14,252][INFO ][sid= | uid=][][main | hr.combis.Application] :: Started Application in 3.16 seconds (JVM running for 3.824)
[2019-11-13 20:19:14,252][INFO ][sid= | uid=][][main | hr.combis.Application] :: Started Application in 3.16 seconds (JVM running for 3.824)
[2019-11-13 20:19:18,274][ERROR][sid= | uid=][][http-nio-8080-exec-1 | o.a.c.c.C.[.[.[.[dispatcherServlet]] :: Servlet.service() for servlet [dispatcherServlet] in context with path [] threw exception [Request processing failed; nested exception is java.lang.NullPointerException] with root cause
java.lang.NullPointerException: null
	at hr.combis.model.Person.setFirstName(Person.java:109)
	at hr.combis.service.PersonServiceImpl.loadPersonDataFile(PersonServiceImpl.java:71)
	at hr.combis.service.PersonServiceImpl.loadDataFromFile(PersonServiceImpl.java:48)
	at hr.combis.controllers.PersonDataController.loadData(PersonDataController.java:26)
	at sun.reflect.NativeMethodAccessorImpl.invoke0(Native Method)
	at sun.reflect.NativeMethodAccessorImpl.invoke(Unknown Source)
	at sun.reflect.DelegatingMethodAccessorImpl.invoke(Unknown Source)
	at java.lang.reflect.Method.invoke(Unknown Source)
	at org.springframework.web.method.support.InvocableHandlerMethod.doInvoke(InvocableHandlerMethod.java:190)
	at org.springframework.web.method.support.InvocableHandlerMethod.invokeForRequest(InvocableHandlerMethod.java:138)
	at org.springframework.web.servlet.mvc.method.annotation.ServletInvocableHandlerMethod.invokeAndHandle(ServletInvocableHandlerMethod.java:106)
	at org.springframework.web.servlet.mvc.method.annotation.RequestMappingHandlerAdapter.invokeHandlerMethod(RequestMappingHandlerAdapter.java:888)
	at org.springframework.web.servlet.mvc.method.annotation.RequestMappingHandlerAdapter.handleInternal(RequestMappingHandlerAdapter.java:793)
	at org.springframework.web.servlet.mvc.method.AbstractHandlerMethodAdapter.handle(AbstractHandlerMethodAdapter.java:87)
	at org.springframework.web.servlet.DispatcherServlet.doDispatch(DispatcherServlet.java:1040)
	at org.springframework.web.servlet.DispatcherServlet.doService(DispatcherServlet.java:943)
	at org.springframework.web.servlet.FrameworkServlet.processRequest(FrameworkServlet.java:1006)
	at org.springframework.web.servlet.FrameworkServlet.doGet(FrameworkServlet.java:898)
	at javax.servlet.http.HttpServlet.service(HttpServlet.java:634)
	at org.springframework.web.servlet.FrameworkServlet.service(FrameworkServlet.java:883)
	at javax.servlet.http.HttpServlet.service(HttpServlet.java:741)
	at org.apache.catalina.core.ApplicationFilterChain.internalDoFilter(ApplicationFilterChain.java:231)
	at org.apache.catalina.core.ApplicationFilterChain.doFilter(ApplicationFilterChain.java:166)
	at org.apache.tomcat.websocket.server.WsFilter.doFilter(WsFilter.java:53)
	at org.apache.catalina.core.ApplicationFilterChain.internalDoFilter(ApplicationFilterChain.java:193)
	at org.apache.catalina.core.ApplicationFilterChain.doFilter(ApplicationFilterChain.java:166)
	at org.springframework.web.filter.RequestContextFilter.doFilterInternal(RequestContextFilter.java:100)
	at org.springframework.web.filter.OncePerRequestFilter.doFilter(OncePerRequestFilter.java:119)
	at org.apache.catalina.core.ApplicationFilterChain.internalDoFilter(ApplicationFilterChain.java:193)
	at org.apache.catalina.core.ApplicationFilterChain.doFilter(ApplicationFilterChain.java:166)
	at org.springframework.web.filter.FormContentFilter.doFilterInternal(FormContentFilter.java:93)
	at org.springframework.web.filter.OncePerRequestFilter.doFilter(OncePerRequestFilter.java:119)
	at org.apache.catalina.core.ApplicationFilterChain.internalDoFilter(ApplicationFilterChain.java:193)
	at org.apache.catalina.core.ApplicationFilterChain.doFilter(ApplicationFilterChain.java:166)
	at org.springframework.web.filter.CharacterEncodingFilter.doFilterInternal(CharacterEncodingFilter.java:201)
	at org.springframework.web.filter.OncePerRequestFilter.doFilter(OncePerRequestFilter.java:119)
	at org.apache.catalina.core.ApplicationFilterChain.internalDoFilter(ApplicationFilterChain.java:193)
	at org.apache.catalina.core.ApplicationFilterChain.doFilter(ApplicationFilterChain.java:166)
	at org.apache.catalina.core.StandardWrapperValve.invoke(StandardWrapperValve.java:202)
	at org.apache.catalina.core.StandardContextValve.invoke(StandardContextValve.java:96)
	at org.apache.catalina.authenticator.AuthenticatorBase.invoke(AuthenticatorBase.java:526)
	at org.apache.catalina.core.StandardHostValve.invoke(StandardHostValve.java:139)
	at org.apache.catalina.valves.ErrorReportValve.invoke(ErrorReportValve.java:92)
	at org.apache.catalina.core.StandardEngineValve.invoke(StandardEngineValve.java:74)
	at org.apache.catalina.connector.CoyoteAdapter.service(CoyoteAdapter.java:343)
	at org.apache.coyote.http11.Http11Processor.service(Http11Processor.java:408)
	at org.apache.coyote.AbstractProcessorLight.process(AbstractProcessorLight.java:66)
	at org.apache.coyote.AbstractProtocol$ConnectionHandler.process(AbstractProtocol.java:861)
	at org.apache.tomcat.util.net.NioEndpoint$SocketProcessor.doRun(NioEndpoint.java:1579)
	at org.apache.tomcat.util.net.SocketProcessorBase.run(SocketProcessorBase.java:49)
	at java.util.concurrent.ThreadPoolExecutor.runWorker(Unknown Source)
	at java.util.concurrent.ThreadPoolExecutor$Worker.run(Unknown Source)
	at org.apache.tomcat.util.threads.TaskThread$WrappingRunnable.run(TaskThread.java:61)
	at java.lang.Thread.run(Unknown Source)
[2019-11-13 20:19:42,574][INFO ][sid= | uid=][][main | hr.combis.Application] :: Starting Application on DESKTOP-OI40UNV with PID 12092 (C:\Users\helena\combis\backend\zadatakCombis\target\classes started by helena in C:\Users\helena\combis\backend\zadatakCombis)
[2019-11-13 20:19:42,574][INFO ][sid= | uid=][][main | hr.combis.Application] :: Starting Application on DESKTOP-OI40UNV with PID 12092 (C:\Users\helena\combis\backend\zadatakCombis\target\classes started by helena in C:\Users\helena\combis\backend\zadatakCombis)
[2019-11-13 20:19:42,576][DEBUG][sid= | uid=][][main | hr.combis.Application] :: Running with Spring Boot v2.2.1.RELEASE, Spring v5.2.1.RELEASE
[2019-11-13 20:19:42,576][DEBUG][sid= | uid=][][main | hr.combis.Application] :: Running with Spring Boot v2.2.1.RELEASE, Spring v5.2.1.RELEASE
[2019-11-13 20:19:42,577][INFO ][sid= | uid=][][main | hr.combis.Application] :: No active profile set, falling back to default profiles: default
[2019-11-13 20:19:42,577][INFO ][sid= | uid=][][main | hr.combis.Application] :: No active profile set, falling back to default profiles: default
[2019-11-13 20:19:45,440][INFO ][sid= | uid=][][main | hr.combis.Application] :: Started Application in 3.133 seconds (JVM running for 3.781)
[2019-11-13 20:19:45,440][INFO ][sid= | uid=][][main | hr.combis.Application] :: Started Application in 3.133 seconds (JVM running for 3.781)
[2019-11-13 20:19:50,421][ERROR][sid= | uid=][][http-nio-8080-exec-1 | o.a.c.c.C.[.[.[.[dispatcherServlet]] :: Servlet.service() for servlet [dispatcherServlet] in context with path [] threw exception [Request processing failed; nested exception is java.lang.NullPointerException] with root cause
java.lang.NullPointerException: null
	at hr.combis.model.Person.setFirstName(Person.java:109)
	at hr.combis.service.PersonServiceImpl.loadPersonDataFile(PersonServiceImpl.java:71)
	at hr.combis.service.PersonServiceImpl.loadDataFromFile(PersonServiceImpl.java:48)
	at hr.combis.controllers.PersonDataController.loadData(PersonDataController.java:26)
	at sun.reflect.NativeMethodAccessorImpl.invoke0(Native Method)
	at sun.reflect.NativeMethodAccessorImpl.invoke(Unknown Source)
	at sun.reflect.DelegatingMethodAccessorImpl.invoke(Unknown Source)
	at java.lang.reflect.Method.invoke(Unknown Source)
	at org.springframework.web.method.support.InvocableHandlerMethod.doInvoke(InvocableHandlerMethod.java:190)
	at org.springframework.web.method.support.InvocableHandlerMethod.invokeForRequest(InvocableHandlerMethod.java:138)
	at org.springframework.web.servlet.mvc.method.annotation.ServletInvocableHandlerMethod.invokeAndHandle(ServletInvocableHandlerMethod.java:106)
	at org.springframework.web.servlet.mvc.method.annotation.RequestMappingHandlerAdapter.invokeHandlerMethod(RequestMappingHandlerAdapter.java:888)
	at org.springframework.web.servlet.mvc.method.annotation.RequestMappingHandlerAdapter.handleInternal(RequestMappingHandlerAdapter.java:793)
	at org.springframework.web.servlet.mvc.method.AbstractHandlerMethodAdapter.handle(AbstractHandlerMethodAdapter.java:87)
	at org.springframework.web.servlet.DispatcherServlet.doDispatch(DispatcherServlet.java:1040)
	at org.springframework.web.servlet.DispatcherServlet.doService(DispatcherServlet.java:943)
	at org.springframework.web.servlet.FrameworkServlet.processRequest(FrameworkServlet.java:1006)
	at org.springframework.web.servlet.FrameworkServlet.doGet(FrameworkServlet.java:898)
	at javax.servlet.http.HttpServlet.service(HttpServlet.java:634)
	at org.springframework.web.servlet.FrameworkServlet.service(FrameworkServlet.java:883)
	at javax.servlet.http.HttpServlet.service(HttpServlet.java:741)
	at org.apache.catalina.core.ApplicationFilterChain.internalDoFilter(ApplicationFilterChain.java:231)
	at org.apache.catalina.core.ApplicationFilterChain.doFilter(ApplicationFilterChain.java:166)
	at org.apache.tomcat.websocket.server.WsFilter.doFilter(WsFilter.java:53)
	at org.apache.catalina.core.ApplicationFilterChain.internalDoFilter(ApplicationFilterChain.java:193)
	at org.apache.catalina.core.ApplicationFilterChain.doFilter(ApplicationFilterChain.java:166)
	at org.springframework.web.filter.RequestContextFilter.doFilterInternal(RequestContextFilter.java:100)
	at org.springframework.web.filter.OncePerRequestFilter.doFilter(OncePerRequestFilter.java:119)
	at org.apache.catalina.core.ApplicationFilterChain.internalDoFilter(ApplicationFilterChain.java:193)
	at org.apache.catalina.core.ApplicationFilterChain.doFilter(ApplicationFilterChain.java:166)
	at org.springframework.web.filter.FormContentFilter.doFilterInternal(FormContentFilter.java:93)
	at org.springframework.web.filter.OncePerRequestFilter.doFilter(OncePerRequestFilter.java:119)
	at org.apache.catalina.core.ApplicationFilterChain.internalDoFilter(ApplicationFilterChain.java:193)
	at org.apache.catalina.core.ApplicationFilterChain.doFilter(ApplicationFilterChain.java:166)
	at org.springframework.web.filter.CharacterEncodingFilter.doFilterInternal(CharacterEncodingFilter.java:201)
	at org.springframework.web.filter.OncePerRequestFilter.doFilter(OncePerRequestFilter.java:119)
	at org.apache.catalina.core.ApplicationFilterChain.internalDoFilter(ApplicationFilterChain.java:193)
	at org.apache.catalina.core.ApplicationFilterChain.doFilter(ApplicationFilterChain.java:166)
	at org.apache.catalina.core.StandardWrapperValve.invoke(StandardWrapperValve.java:202)
	at org.apache.catalina.core.StandardContextValve.invoke(StandardContextValve.java:96)
	at org.apache.catalina.authenticator.AuthenticatorBase.invoke(AuthenticatorBase.java:526)
	at org.apache.catalina.core.StandardHostValve.invoke(StandardHostValve.java:139)
	at org.apache.catalina.valves.ErrorReportValve.invoke(ErrorReportValve.java:92)
	at org.apache.catalina.core.StandardEngineValve.invoke(StandardEngineValve.java:74)
	at org.apache.catalina.connector.CoyoteAdapter.service(CoyoteAdapter.java:343)
	at org.apache.coyote.http11.Http11Processor.service(Http11Processor.java:408)
	at org.apache.coyote.AbstractProcessorLight.process(AbstractProcessorLight.java:66)
	at org.apache.coyote.AbstractProtocol$ConnectionHandler.process(AbstractProtocol.java:861)
	at org.apache.tomcat.util.net.NioEndpoint$SocketProcessor.doRun(NioEndpoint.java:1579)
	at org.apache.tomcat.util.net.SocketProcessorBase.run(SocketProcessorBase.java:49)
	at java.util.concurrent.ThreadPoolExecutor.runWorker(Unknown Source)
	at java.util.concurrent.ThreadPoolExecutor$Worker.run(Unknown Source)
	at org.apache.tomcat.util.threads.TaskThread$WrappingRunnable.run(TaskThread.java:61)
	at java.lang.Thread.run(Unknown Source)
[2019-11-13 20:20:37,414][INFO ][sid= | uid=][][main | hr.combis.Application] :: Starting Application on DESKTOP-OI40UNV with PID 10488 (C:\Users\helena\combis\backend\zadatakCombis\target\classes started by helena in C:\Users\helena\combis\backend\zadatakCombis)
[2019-11-13 20:20:37,414][INFO ][sid= | uid=][][main | hr.combis.Application] :: Starting Application on DESKTOP-OI40UNV with PID 10488 (C:\Users\helena\combis\backend\zadatakCombis\target\classes started by helena in C:\Users\helena\combis\backend\zadatakCombis)
[2019-11-13 20:20:37,417][DEBUG][sid= | uid=][][main | hr.combis.Application] :: Running with Spring Boot v2.2.1.RELEASE, Spring v5.2.1.RELEASE
[2019-11-13 20:20:37,417][DEBUG][sid= | uid=][][main | hr.combis.Application] :: Running with Spring Boot v2.2.1.RELEASE, Spring v5.2.1.RELEASE
[2019-11-13 20:20:37,418][INFO ][sid= | uid=][][main | hr.combis.Application] :: No active profile set, falling back to default profiles: default
[2019-11-13 20:20:37,418][INFO ][sid= | uid=][][main | hr.combis.Application] :: No active profile set, falling back to default profiles: default
[2019-11-13 20:20:40,986][INFO ][sid= | uid=][][main | hr.combis.Application] :: Started Application in 3.88 seconds (JVM running for 4.719)
[2019-11-13 20:20:40,986][INFO ][sid= | uid=][][main | hr.combis.Application] :: Started Application in 3.88 seconds (JVM running for 4.719)
[2019-11-13 20:20:44,822][ERROR][sid= | uid=][][http-nio-8080-exec-2 | o.a.c.c.C.[.[.[.[dispatcherServlet]] :: Servlet.service() for servlet [dispatcherServlet] in context with path [] threw exception [Request processing failed; nested exception is java.lang.NullPointerException] with root cause
java.lang.NullPointerException: null
	at hr.combis.model.Person.setFirstName(Person.java:110)
	at hr.combis.service.PersonServiceImpl.loadPersonDataFile(PersonServiceImpl.java:71)
	at hr.combis.service.PersonServiceImpl.loadDataFromFile(PersonServiceImpl.java:48)
	at hr.combis.controllers.PersonDataController.loadData(PersonDataController.java:26)
	at sun.reflect.NativeMethodAccessorImpl.invoke0(Native Method)
	at sun.reflect.NativeMethodAccessorImpl.invoke(Unknown Source)
	at sun.reflect.DelegatingMethodAccessorImpl.invoke(Unknown Source)
	at java.lang.reflect.Method.invoke(Unknown Source)
	at org.springframework.web.method.support.InvocableHandlerMethod.doInvoke(InvocableHandlerMethod.java:190)
	at org.springframework.web.method.support.InvocableHandlerMethod.invokeForRequest(InvocableHandlerMethod.java:138)
	at org.springframework.web.servlet.mvc.method.annotation.ServletInvocableHandlerMethod.invokeAndHandle(ServletInvocableHandlerMethod.java:106)
	at org.springframework.web.servlet.mvc.method.annotation.RequestMappingHandlerAdapter.invokeHandlerMethod(RequestMappingHandlerAdapter.java:888)
	at org.springframework.web.servlet.mvc.method.annotation.RequestMappingHandlerAdapter.handleInternal(RequestMappingHandlerAdapter.java:793)
	at org.springframework.web.servlet.mvc.method.AbstractHandlerMethodAdapter.handle(AbstractHandlerMethodAdapter.java:87)
	at org.springframework.web.servlet.DispatcherServlet.doDispatch(DispatcherServlet.java:1040)
	at org.springframework.web.servlet.DispatcherServlet.doService(DispatcherServlet.java:943)
	at org.springframework.web.servlet.FrameworkServlet.processRequest(FrameworkServlet.java:1006)
	at org.springframework.web.servlet.FrameworkServlet.doGet(FrameworkServlet.java:898)
	at javax.servlet.http.HttpServlet.service(HttpServlet.java:634)
	at org.springframework.web.servlet.FrameworkServlet.service(FrameworkServlet.java:883)
	at javax.servlet.http.HttpServlet.service(HttpServlet.java:741)
	at org.apache.catalina.core.ApplicationFilterChain.internalDoFilter(ApplicationFilterChain.java:231)
	at org.apache.catalina.core.ApplicationFilterChain.doFilter(ApplicationFilterChain.java:166)
	at org.apache.tomcat.websocket.server.WsFilter.doFilter(WsFilter.java:53)
	at org.apache.catalina.core.ApplicationFilterChain.internalDoFilter(ApplicationFilterChain.java:193)
	at org.apache.catalina.core.ApplicationFilterChain.doFilter(ApplicationFilterChain.java:166)
	at org.springframework.web.filter.RequestContextFilter.doFilterInternal(RequestContextFilter.java:100)
	at org.springframework.web.filter.OncePerRequestFilter.doFilter(OncePerRequestFilter.java:119)
	at org.apache.catalina.core.ApplicationFilterChain.internalDoFilter(ApplicationFilterChain.java:193)
	at org.apache.catalina.core.ApplicationFilterChain.doFilter(ApplicationFilterChain.java:166)
	at org.springframework.web.filter.FormContentFilter.doFilterInternal(FormContentFilter.java:93)
	at org.springframework.web.filter.OncePerRequestFilter.doFilter(OncePerRequestFilter.java:119)
	at org.apache.catalina.core.ApplicationFilterChain.internalDoFilter(ApplicationFilterChain.java:193)
	at org.apache.catalina.core.ApplicationFilterChain.doFilter(ApplicationFilterChain.java:166)
	at org.springframework.web.filter.CharacterEncodingFilter.doFilterInternal(CharacterEncodingFilter.java:201)
	at org.springframework.web.filter.OncePerRequestFilter.doFilter(OncePerRequestFilter.java:119)
	at org.apache.catalina.core.ApplicationFilterChain.internalDoFilter(ApplicationFilterChain.java:193)
	at org.apache.catalina.core.ApplicationFilterChain.doFilter(ApplicationFilterChain.java:166)
	at org.apache.catalina.core.StandardWrapperValve.invoke(StandardWrapperValve.java:202)
	at org.apache.catalina.core.StandardContextValve.invoke(StandardContextValve.java:96)
	at org.apache.catalina.authenticator.AuthenticatorBase.invoke(AuthenticatorBase.java:526)
	at org.apache.catalina.core.StandardHostValve.invoke(StandardHostValve.java:139)
	at org.apache.catalina.valves.ErrorReportValve.invoke(ErrorReportValve.java:92)
	at org.apache.catalina.core.StandardEngineValve.invoke(StandardEngineValve.java:74)
	at org.apache.catalina.connector.CoyoteAdapter.service(CoyoteAdapter.java:343)
	at org.apache.coyote.http11.Http11Processor.service(Http11Processor.java:408)
	at org.apache.coyote.AbstractProcessorLight.process(AbstractProcessorLight.java:66)
	at org.apache.coyote.AbstractProtocol$ConnectionHandler.process(AbstractProtocol.java:861)
	at org.apache.tomcat.util.net.NioEndpoint$SocketProcessor.doRun(NioEndpoint.java:1579)
	at org.apache.tomcat.util.net.SocketProcessorBase.run(SocketProcessorBase.java:49)
	at java.util.concurrent.ThreadPoolExecutor.runWorker(Unknown Source)
	at java.util.concurrent.ThreadPoolExecutor$Worker.run(Unknown Source)
	at org.apache.tomcat.util.threads.TaskThread$WrappingRunnable.run(TaskThread.java:61)
	at java.lang.Thread.run(Unknown Source)
[2019-11-13 20:26:46,064][INFO ][sid= | uid=][][main | hr.combis.Application] :: Starting Application on DESKTOP-OI40UNV with PID 12652 (C:\Users\helena\combis\backend\zadatakCombis\target\classes started by helena in C:\Users\helena\combis\backend\zadatakCombis)
[2019-11-13 20:26:46,064][INFO ][sid= | uid=][][main | hr.combis.Application] :: Starting Application on DESKTOP-OI40UNV with PID 12652 (C:\Users\helena\combis\backend\zadatakCombis\target\classes started by helena in C:\Users\helena\combis\backend\zadatakCombis)
[2019-11-13 20:26:46,064][DEBUG][sid= | uid=][][main | hr.combis.Application] :: Running with Spring Boot v2.2.1.RELEASE, Spring v5.2.1.RELEASE
[2019-11-13 20:26:46,064][DEBUG][sid= | uid=][][main | hr.combis.Application] :: Running with Spring Boot v2.2.1.RELEASE, Spring v5.2.1.RELEASE
[2019-11-13 20:26:46,064][INFO ][sid= | uid=][][main | hr.combis.Application] :: No active profile set, falling back to default profiles: default
[2019-11-13 20:26:46,064][INFO ][sid= | uid=][][main | hr.combis.Application] :: No active profile set, falling back to default profiles: default
[2019-11-13 20:26:49,010][INFO ][sid= | uid=][][main | hr.combis.Application] :: Started Application in 3.192 seconds (JVM running for 3.849)
[2019-11-13 20:26:49,010][INFO ][sid= | uid=][][main | hr.combis.Application] :: Started Application in 3.192 seconds (JVM running for 3.849)
[2019-11-13 20:28:36,329][INFO ][sid= | uid=][][main | hr.combis.Application] :: Starting Application on DESKTOP-OI40UNV with PID 11168 (C:\Users\helena\combis\backend\zadatakCombis\target\classes started by helena in C:\Users\helena\combis\backend\zadatakCombis)
[2019-11-13 20:28:36,329][INFO ][sid= | uid=][][main | hr.combis.Application] :: Starting Application on DESKTOP-OI40UNV with PID 11168 (C:\Users\helena\combis\backend\zadatakCombis\target\classes started by helena in C:\Users\helena\combis\backend\zadatakCombis)
[2019-11-13 20:28:36,345][DEBUG][sid= | uid=][][main | hr.combis.Application] :: Running with Spring Boot v2.2.1.RELEASE, Spring v5.2.1.RELEASE
[2019-11-13 20:28:36,345][DEBUG][sid= | uid=][][main | hr.combis.Application] :: Running with Spring Boot v2.2.1.RELEASE, Spring v5.2.1.RELEASE
[2019-11-13 20:28:36,345][INFO ][sid= | uid=][][main | hr.combis.Application] :: No active profile set, falling back to default profiles: default
[2019-11-13 20:28:36,345][INFO ][sid= | uid=][][main | hr.combis.Application] :: No active profile set, falling back to default profiles: default
[2019-11-13 20:28:39,305][INFO ][sid= | uid=][][main | hr.combis.Application] :: Started Application in 3.212 seconds (JVM running for 3.871)
[2019-11-13 20:28:39,305][INFO ][sid= | uid=][][main | hr.combis.Application] :: Started Application in 3.212 seconds (JVM running for 3.871)
[2019-11-13 20:41:32,996][INFO ][sid= | uid=][][main | hr.combis.ApplicationTests] :: Starting ApplicationTests on DESKTOP-OI40UNV with PID 3568 (started by helena in C:\Users\helena\combis\backend\zadatakCombis)
[2019-11-13 20:41:32,996][INFO ][sid= | uid=][][main | hr.combis.ApplicationTests] :: Starting ApplicationTests on DESKTOP-OI40UNV with PID 3568 (started by helena in C:\Users\helena\combis\backend\zadatakCombis)
[2019-11-13 20:41:32,998][DEBUG][sid= | uid=][][main | hr.combis.ApplicationTests] :: Running with Spring Boot v2.2.1.RELEASE, Spring v5.2.1.RELEASE
[2019-11-13 20:41:32,998][DEBUG][sid= | uid=][][main | hr.combis.ApplicationTests] :: Running with Spring Boot v2.2.1.RELEASE, Spring v5.2.1.RELEASE
[2019-11-13 20:41:33,000][INFO ][sid= | uid=][][main | hr.combis.ApplicationTests] :: No active profile set, falling back to default profiles: default
[2019-11-13 20:41:33,000][INFO ][sid= | uid=][][main | hr.combis.ApplicationTests] :: No active profile set, falling back to default profiles: default
[2019-11-13 20:41:37,547][INFO ][sid= | uid=][][main | hr.combis.ApplicationTests] :: Started ApplicationTests in 4.82 seconds (JVM running for 5.859)
[2019-11-13 20:41:37,547][INFO ][sid= | uid=][][main | hr.combis.ApplicationTests] :: Started ApplicationTests in 4.82 seconds (JVM running for 5.859)
