[2019-11-11 20:21:31.287] [exthost] [info] extension host started
[2019-11-11 20:21:32.412] [exthost] [info] extension host started
[2019-11-11 20:21:32.432] [exthost] [info] ExtensionService#_doActivateExtension HookyQR.beautify {"startup":true,"activationEvent":"*"}
[2019-11-11 20:21:32.433] [exthost] [info] ExtensionService#loadCommonJSModule C:\Users\helena\.p2\pool\plugins\pack.core.win_3.6.0.201910290238\HookyQR.beautify-1.4.11\extension
[2019-11-11 20:21:32.889] [exthost] [info] ExtensionService#_doActivateExtension christian-kohler.path-intellisense {"startup":true,"activationEvent":"*"}
[2019-11-11 20:21:32.889] [exthost] [info] ExtensionService#loadCommonJSModule C:\Users\helena\.codemix\extensions\christian-kohler.path-intellisense-1.4.2\out\src\extension
[2019-11-11 20:21:32.999] [exthost] [info] ExtensionService#_doActivateExtension dbaeumer.vscode-eslint {"startup":true,"activationEvent":"*"}
[2019-11-11 20:21:32.999] [exthost] [info] ExtensionService#loadCommonJSModule C:\Users\helena\.codemix\extensions\dbaeumer.vscode-eslint-1.9.0\client\out\extension
[2019-11-11 20:21:33.094] [exthost] [info] ExtensionService#_doActivateExtension vscode.debug-auto-launch {"startup":true,"activationEvent":"*"}
[2019-11-11 20:21:33.094] [exthost] [info] ExtensionService#loadCommonJSModule c:\Users\helena\.p2\pool\plugins\com.genuitec.eclipse.code.engine.app.win32.x86_64_3.6.0.201910290238\engine\resources\app\extensions\debug-auto-launch\dist\extension
[2019-11-11 20:21:33.123] [exthost] [info] ExtensionService#_doActivateExtension vscode.emmet {"startup":true,"activationEvent":"*"}
[2019-11-11 20:21:33.123] [exthost] [info] ExtensionService#loadCommonJSModule c:\Users\helena\.p2\pool\plugins\com.genuitec.eclipse.code.engine.app.win32.x86_64_3.6.0.201910290238\engine\resources\app\extensions\emmet\dist\extension
[2019-11-11 20:21:33.183] [exthost] [info] ExtensionService#_doActivateExtension formulahendry.auto-close-tag {"startup":true,"activationEvent":"*"}
[2019-11-11 20:21:33.183] [exthost] [info] ExtensionService#loadCommonJSModule C:\Users\helena\.codemix\extensions\formulahendry.auto-close-tag-0.5.6\out\src\extension
[2019-11-11 20:21:33.193] [exthost] [info] ExtensionService#_doActivateExtension formulahendry.auto-rename-tag {"startup":true,"activationEvent":"*"}
[2019-11-11 20:21:33.193] [exthost] [info] ExtensionService#loadCommonJSModule C:\Users\helena\.codemix\extensions\formulahendry.auto-rename-tag-0.0.15\out\src\extension
[2019-11-11 20:21:33.218] [exthost] [info] ExtensionService#_doActivateExtension vscode.grunt {"startup":false,"activationEvent":"onCommand:workbench.action.tasks.runTask"}
[2019-11-11 20:21:33.218] [exthost] [info] ExtensionService#loadCommonJSModule c:\Users\helena\.p2\pool\plugins\com.genuitec.eclipse.code.engine.app.win32.x86_64_3.6.0.201910290238\engine\resources\app\extensions\grunt\dist\main
[2019-11-11 20:21:33.248] [exthost] [info] ExtensionService#_doActivateExtension vscode.gulp {"startup":false,"activationEvent":"onCommand:workbench.action.tasks.runTask"}
[2019-11-11 20:21:33.248] [exthost] [info] ExtensionService#loadCommonJSModule c:\Users\helena\.p2\pool\plugins\com.genuitec.eclipse.code.engine.app.win32.x86_64_3.6.0.201910290238\engine\resources\app\extensions\gulp\dist\main
[2019-11-11 20:21:33.279] [exthost] [info] ExtensionService#_doActivateExtension vscode.jake {"startup":false,"activationEvent":"onCommand:workbench.action.tasks.runTask"}
[2019-11-11 20:21:33.279] [exthost] [info] ExtensionService#loadCommonJSModule c:\Users\helena\.p2\pool\plugins\com.genuitec.eclipse.code.engine.app.win32.x86_64_3.6.0.201910290238\engine\resources\app\extensions\jake\dist\main
[2019-11-11 20:21:33.310] [exthost] [info] ExtensionService#_doActivateExtension vscode.npm {"startup":false,"activationEvent":"onCommand:workbench.action.tasks.runTask"}
[2019-11-11 20:21:33.310] [exthost] [info] ExtensionService#loadCommonJSModule c:\Users\helena\.p2\pool\plugins\com.genuitec.eclipse.code.engine.app.win32.x86_64_3.6.0.201910290238\engine\resources\app\extensions\npm\dist\main
[2019-11-11 20:21:33.391] [exthost] [info] ExtensionService#_doActivateExtension vscode.typescript-language-features {"startup":false,"activationEvent":"onCommand:workbench.action.tasks.runTask"}
[2019-11-11 20:21:33.391] [exthost] [info] ExtensionService#loadCommonJSModule c:\Users\helena\.p2\pool\plugins\com.genuitec.eclipse.code.engine.app.win32.x86_64_3.6.0.201910290238\engine\resources\app\extensions\typescript-language-features\dist\extension
[2019-11-11 20:21:33.641] [exthost] [info] eager extensions activated
